<?xml version="1.0" encoding="UTF-8" ?>
<testsuite tests="3" failures="0" name="second.junit.AdvanceMathTest" time="0.016" errors="0" skipped="0">
  <properties>
    <property name="idea.version" value="2017.2.4"/>
    <property name="java.runtime.name" value="Java(TM) SE Runtime Environment"/>
    <property name="sun.boot.library.path" value="C:\software\jdk32\jre\bin"/>
    <property name="java.vm.version" value="25.152-b16"/>
    <property name="user.country.format" value="PL"/>
    <property name="java.vm.vendor" value="Oracle Corporation"/>
    <property name="maven.multiModuleProjectDirectory" value="J:\IdeaProjects\PRA\PracowaniaProgramowania"/>
    <property name="java.vendor.url" value="http://java.oracle.com/"/>
    <property name="path.separator" value=";"/>
    <property name="guice.disable.misplaced.annotation.check" value="true"/>
    <property name="java.vm.name" value="Java HotSpot(TM) Client VM"/>
    <property name="file.encoding.pkg" value="sun.io"/>
    <property name="user.script" value=""/>
    <property name="user.country" value="US"/>
    <property name="sun.java.launcher" value="SUN_STANDARD"/>
    <property name="sun.os.patch.level" value=""/>
    <property name="java.vm.specification.name" value="Java Virtual Machine Specification"/>
    <property name="user.dir" value="J:\IdeaProjects\PRA\PracowaniaProgramowania"/>
    <property name="java.runtime.version" value="1.8.0_152-b16"/>
    <property name="java.awt.graphicsenv" value="sun.awt.Win32GraphicsEnvironment"/>
    <property name="java.endorsed.dirs" value="C:\software\jdk32\jre\lib\endorsed"/>
    <property name="os.arch" value="x86"/>
    <property name="java.io.tmpdir" value="C:\Users\s426219\AppData\Local\Temp\"/>
    <property name="line.separator" value="
"/>
    <property name="java.vm.specification.vendor" value="Oracle Corporation"/>
    <property name="user.variant" value=""/>
    <property name="os.name" value="Windows 10"/>
    <property name="classworlds.conf" value="C:\software\intellij_idea\plugins\maven\lib\maven3\bin\m2.conf"/>
    <property name="sun.jnu.encoding" value="Cp1250"/>
    <property name="java.library.path" value="C:\software\jdk32\bin;C:\Windows\Sun\Java\bin;C:\Windows\system32;C:\Windows;c:\software\tdm_gcc\bin;c:\software\haskell\lib\extralibs\bin;c:\software\haskell\bin;c:\software\gnuplot\bin;c:\software\ruby\bin;c:\windows\bin\sysinternals;c:\software\hg;c:\software\llvm\bin;c:\software\imagemagick;c:\software\openssl\bin;c:\software\gs\bin;c:\windows\bin;c:\software\putty;C:\Program Files\7-Zip;C:\Windows\system32;C:\Windows;C:\Windows\System32\Wbem;C:\Windows\System32\WindowsPowerShell\v1.0\;c:\software\jdk\bin;c:\software\jre\bin;c:\software\adobe\reader\reader;c:\software\latex\bin\win32;C:\software\scala\bin;C:\Program Files (x86)\google\chrome\application;c:\software\firefox;c:\software\thunderbird;c:\software\gsview\gsview;c:\software\rabbitmq\sbin;c:\software\ant\bin;c:\software\maven\bin;c:\software\python;c:\software\python\Scripts;c:\software\emacs\bin;c:\software\gp;c:\software\fpc\bin\i386-Win32;c:\software\gpg\pub;c:\software\gpg;C:\Program Files\Microsoft SQL Server\130\Tools\Binn\;C:\Program Files\dotnet\;c:\software\vim;C:\Program Files (x86)\Windows Live\Shared;c:\software\qt\5.9.1\mingw53_32\bin;C:\Program Files (x86)\Microsoft SQL Server\130\Tools\Binn\;C:\Program Files\Microsoft SQL Server\Client SDK\ODBC\130\Tools\Binn\;C:\Program Files\Microsoft SQL Server\130\DTS\Binn\;C:\Program Files (x86)\Microsoft SQL Server\140\DTS\Binn\;C:\Program Files\TortoiseGit\bin;C:\software\hg\;c:\software\notepad++;c:\software\python3;c:\software\python3\Scripts;C:\Program Files (x86)\Microsoft SQL Server\110\DTS\Binn\;C:\Program Files (x86)\Microsoft SQL Server\120\DTS\Binn\;C:\Program Files (x86)\Microsoft SQL Server\130\DTS\Binn\;c:\software\cmake\bin;c:\software\gradle\bin;c:\software\opencv\x86\vc15\bin;c:\Program Files (x86)\Wolfram Research\WolframScript\;C:\Program Files (x86)\Microsoft SQL Server\Client SDK\ODBC\130\Tools\Binn\;C:\Program Files (x86)\Microsoft SQL Server\140\Tools\Binn\;C:\Program Files (x86)\Microsoft SQL Server\140\Tools\Binn\ManagementStudio\;c:\software\php;c:\software\android_sdk\tools;c:\software\android_sdk\platform-tools;C:\software\brackets\command;c:\software\git\cmd;C:\software\nodejs\;."/>
    <property name="java.specification.name" value="Java Platform API Specification"/>
    <property name="java.class.version" value="52.0"/>
    <property name="sun.management.compiler" value="HotSpot Client Compiler"/>
    <property name="os.version" value="10.0"/>
    <property name="user.home" value="J:\"/>
    <property name="user.timezone" value="Europe/Belgrade"/>
    <property name="java.awt.printerjob" value="sun.awt.windows.WPrinterJob"/>
    <property name="java.specification.version" value="1.8"/>
    <property name="file.encoding" value="UTF-8"/>
    <property name="user.name" value="s426219"/>
    <property name="java.class.path" value="C:\software\intellij_idea\plugins\maven\lib\maven3\boot\plexus-classworlds-2.5.2.jar;C:\software\intellij_idea\lib\idea_rt.jar"/>
    <property name="java.vm.specification.version" value="1.8"/>
    <property name="sun.arch.data.model" value="32"/>
    <property name="java.home" value="C:\software\jdk32\jre"/>
    <property name="sun.java.command" value="org.codehaus.classworlds.Launcher -Didea.version=2017.2.4 install"/>
    <property name="java.specification.vendor" value="Oracle Corporation"/>
    <property name="user.language" value="en"/>
    <property name="user.language.format" value="pl"/>
    <property name="awt.toolkit" value="sun.awt.windows.WToolkit"/>
    <property name="java.vm.info" value="mixed mode"/>
    <property name="java.version" value="1.8.0_152"/>
    <property name="java.ext.dirs" value="C:\software\jdk32\jre\lib\ext;C:\Windows\Sun\Java\lib\ext"/>
    <property name="sun.boot.class.path" value="C:\software\jdk32\jre\lib\resources.jar;C:\software\jdk32\jre\lib\rt.jar;C:\software\jdk32\jre\lib\sunrsasign.jar;C:\software\jdk32\jre\lib\jsse.jar;C:\software\jdk32\jre\lib\jce.jar;C:\software\jdk32\jre\lib\charsets.jar;C:\software\jdk32\jre\lib\jfr.jar;C:\software\jdk32\jre\classes"/>
    <property name="java.vendor" value="Oracle Corporation"/>
    <property name="maven.home" value="C:\software\intellij_idea\plugins\maven\lib\maven3"/>
    <property name="file.separator" value="\"/>
    <property name="java.vendor.url.bug" value="http://bugreport.sun.com/bugreport/"/>
    <property name="sun.cpu.endian" value="little"/>
    <property name="sun.io.unicode.encoding" value="UnicodeLittle"/>
    <property name="sun.desktop" value="windows"/>
    <property name="sun.cpu.isalist" value="pentium_pro+mmx pentium_pro pentium+mmx pentium i486 i386 i86"/>
  </properties>
  <testcase classname="second.junit.AdvanceMathTest" name="additionTestString2" time="0.016"/>
  <testcase classname="second.junit.AdvanceMathTest" name="additionTest" time="0"/>
  <testcase classname="second.junit.AdvanceMathTest" name="additionTestString" time="0"/>
</testsuite>